#
# There is insufficient memory for the Java Runtime Environment to continue.
# Native memory allocation (malloc) failed to allocate 1415584 bytes. Error detail: Chunk::new
# Possible reasons:
#   The system is out of physical RAM or swap space
#   This process is running with CompressedOops enabled, and the Java Heap may be blocking the growth of the native heap
# Possible solutions:
#   Reduce memory load on the system
#   Increase physical memory or swap space
#   Check if swap backing store is full
#   Decrease Java heap size (-Xmx/-Xms)
#   Decrease number of Java threads
#   Decrease Java thread stack sizes (-Xss)
#   Set larger code cache with -XX:ReservedCodeCacheSize=
#   JVM is running with Unscaled Compressed Oops mode in which the Java heap is
#     placed in the first 4GB address space. The Java Heap base address is the
#     maximum limit for the native heap growth. Please use -XX:HeapBaseMinAddress
#     to set the Java Heap base and to place the Java Heap above 4GB virtual address.
# This output file may be truncated or incomplete.
#
#  Out of Memory Error (arena.cpp:168), pid=17836, tid=26748
#
# JRE version: OpenJDK Runtime Environment Temurin-21.0.5+11 (21.0.5+11) (build 21.0.5+11-LTS)
# Java VM: OpenJDK 64-Bit Server VM Temurin-21.0.5+11 (21.0.5+11-LTS, mixed mode, sharing, tiered, compressed oops, compressed class ptrs, parallel gc, windows-amd64)
# No core dump will be written. Minidumps are not enabled by default on client versions of Windows
#

---------------  S U M M A R Y ------------

Command Line: --add-modules=ALL-SYSTEM --add-opens=java.base/java.util=ALL-UNNAMED --add-opens=java.base/java.lang=ALL-UNNAMED --add-opens=java.base/sun.nio.fs=ALL-UNNAMED -Declipse.application=org.eclipse.jdt.ls.core.id1 -Dosgi.bundles.defaultStartLevel=4 -Declipse.product=org.eclipse.jdt.ls.core.product -Djava.import.generatesMetadataFilesAtProjectRoot=false -DDetectVMInstallationsJob.disabled=true -Dfile.encoding=utf8 -XX:+UseParallelGC -XX:GCTimeRatio=4 -XX:AdaptiveSizePolicyWeight=90 -Dsun.zip.disableMemoryMapping=true -Xmx1G -Xms100m -Xlog:disable -javaagent:c:\Users\ADMIN\.vscode\extensions\redhat.java-1.39.0-win32-x64\lombok\lombok-1.18.34.jar -XX:+HeapDumpOnOutOfMemoryError -XX:HeapDumpPath=c:\Users\ADMIN\AppData\Roaming\Code\User\workspaceStorage\52d70a14e7d37bcbdfe0aa86e4c23152\redhat.java -Daether.dependencyCollector.impl=bf c:\Users\ADMIN\.vscode\extensions\redhat.java-1.39.0-win32-x64\server\plugins\org.eclipse.equinox.launcher_1.6.900.v20240613-2009.jar -configuration c:\Users\ADMIN\AppData\Roaming\Code\User\globalStorage\redhat.java\1.39.0\config_win -data c:\Users\ADMIN\AppData\Roaming\Code\User\workspaceStorage\52d70a14e7d37bcbdfe0aa86e4c23152\redhat.java\jdt_ws --pipe=\\.\pipe\lsp-b78d211fcdb4aff0644b9f70f6be66bb-sock

Host: AMD Ryzen 5 5500U with Radeon Graphics         , 12 cores, 7G,  Windows 11 , 64 bit Build 22621 (10.0.22621.457)
Time: Wed Feb 26 20:34:03 2025 SE Asia Standard Time elapsed time: 11.861196 seconds (0d 0h 0m 11s)

---------------  T H R E A D  ---------------

Current thread (0x000001ed8b25bce0):  JavaThread "C2 CompilerThread1" daemon [_thread_in_native, id=26748, stack(0x000000178ae00000,0x000000178af00000) (1024K)]


Current CompileTask:
C2:11861 7478       4       org.eclipse.jdt.internal.core.search.indexing.BinaryIndexer::extractReferenceFromConstantPool (358 bytes)

Stack: [0x000000178ae00000,0x000000178af00000]
Native frames: (J=compiled Java code, j=interpreted, Vv=VM code, C=native code)
V  [jvm.dll+0x6cd4e9]
V  [jvm.dll+0x8a7941]
V  [jvm.dll+0x8a9e6e]
V  [jvm.dll+0x8aa543]
V  [jvm.dll+0x27f6d6]
V  [jvm.dll+0xc500d]
V  [jvm.dll+0xc5543]
V  [jvm.dll+0x3b660c]
V  [jvm.dll+0x1dfdf3]
V  [jvm.dll+0x247b22]
V  [jvm.dll+0x246faf]
V  [jvm.dll+0x1c75ce]
V  [jvm.dll+0x25682a]
V  [jvm.dll+0x254dca]
V  [jvm.dll+0x3f00d6]
V  [jvm.dll+0x8514fb]
V  [jvm.dll+0x6cbbed]
C  [ucrtbase.dll+0x29363]
C  [KERNEL32.DLL+0x1244d]
C  [ntdll.dll+0x5df78]


---------------  P R O C E S S  ---------------

Threads class SMR info:
_java_thread_list=0x000001ed8e5b50d0, length=44, elements={
0x000001ed2f975990, 0x000001ed43ec86b0, 0x000001ed43ec9300, 0x000001ed43ecba70,
0x000001ed8b001090, 0x000001ed43ece050, 0x000001ed8b00eda0, 0x000001ed8b0106d0,
0x000001ed8b012770, 0x000001ed8b1007c0, 0x000001ed8b3587a0, 0x000001ed8bcd3110,
0x000001ed8bee2800, 0x000001ed8ba7db00, 0x000001ed8be80c70, 0x000001ed8be414e0,
0x000001ed8c37deb0, 0x000001ed8c241710, 0x000001ed8c242ac0, 0x000001ed8c23f640,
0x000001ed8c2409f0, 0x000001ed8b25bce0, 0x000001ed8c241da0, 0x000001ed8c241080,
0x000001ed8c242430, 0x000001ed8c240360, 0x000001ed8c23fcd0, 0x000001ed8ebcf520,
0x000001ed8ebd36c0, 0x000001ed8ebcfbb0, 0x000001ed8ebd5790, 0x000001ed8ebd2310,
0x000001ed8ebd5e20, 0x000001ed8ebd4a70, 0x000001ed8ebd5100, 0x000001ed8ebd64b0,
0x000001ed8ebd6b40, 0x000001ed8ebd3d50, 0x000001ed8ebd0240, 0x000001ed8ebd3030,
0x000001ed8ebb4510, 0x000001ed8ebd08d0, 0x000001ed8ebd0f60, 0x000001ed8ebd15f0
}

Java Threads: ( => current thread )
  0x000001ed2f975990 JavaThread "main"                              [_thread_blocked, id=25220, stack(0x000000178a100000,0x000000178a200000) (1024K)]
  0x000001ed43ec86b0 JavaThread "Reference Handler"          daemon [_thread_blocked, id=6512, stack(0x000000178a500000,0x000000178a600000) (1024K)]
  0x000001ed43ec9300 JavaThread "Finalizer"                  daemon [_thread_blocked, id=19108, stack(0x000000178a600000,0x000000178a700000) (1024K)]
  0x000001ed43ecba70 JavaThread "Signal Dispatcher"          daemon [_thread_blocked, id=5760, stack(0x000000178a700000,0x000000178a800000) (1024K)]
  0x000001ed8b001090 JavaThread "Attach Listener"            daemon [_thread_blocked, id=24004, stack(0x000000178a800000,0x000000178a900000) (1024K)]
  0x000001ed43ece050 JavaThread "Service Thread"             daemon [_thread_blocked, id=19288, stack(0x000000178a900000,0x000000178aa00000) (1024K)]
  0x000001ed8b00eda0 JavaThread "Monitor Deflation Thread"   daemon [_thread_blocked, id=18640, stack(0x000000178aa00000,0x000000178ab00000) (1024K)]
  0x000001ed8b0106d0 JavaThread "C2 CompilerThread0"         daemon [_thread_in_native, id=6388, stack(0x000000178ab00000,0x000000178ac00000) (1024K)]
  0x000001ed8b012770 JavaThread "C1 CompilerThread0"         daemon [_thread_blocked, id=8744, stack(0x000000178ac00000,0x000000178ad00000) (1024K)]
  0x000001ed8b1007c0 JavaThread "Common-Cleaner"             daemon [_thread_blocked, id=10760, stack(0x000000178ad00000,0x000000178ae00000) (1024K)]
  0x000001ed8b3587a0 JavaThread "Notification Thread"        daemon [_thread_blocked, id=12008, stack(0x000000178af00000,0x000000178b000000) (1024K)]
  0x000001ed8bcd3110 JavaThread "Active Thread: Equinox Container: c94411aa-38de-4efe-be17-b8b7d06b59f0"        [_thread_blocked, id=19112, stack(0x000000178b700000,0x000000178b800000) (1024K)]
  0x000001ed8bee2800 JavaThread "Refresh Thread: Equinox Container: c94411aa-38de-4efe-be17-b8b7d06b59f0" daemon [_thread_blocked, id=26580, stack(0x000000178b800000,0x000000178b900000) (1024K)]
  0x000001ed8ba7db00 JavaThread "Framework Event Dispatcher: Equinox Container: c94411aa-38de-4efe-be17-b8b7d06b59f0" daemon [_thread_blocked, id=20364, stack(0x000000178b900000,0x000000178ba00000) (1024K)]
  0x000001ed8be80c70 JavaThread "Start Level: Equinox Container: c94411aa-38de-4efe-be17-b8b7d06b59f0" daemon [_thread_blocked, id=18960, stack(0x000000178bb00000,0x000000178bc00000) (1024K)]
  0x000001ed8be414e0 JavaThread "Bundle File Closer"         daemon [_thread_blocked, id=14736, stack(0x000000178b000000,0x000000178b100000) (1024K)]
  0x000001ed8c37deb0 JavaThread "SCR Component Actor"        daemon [_thread_blocked, id=18928, stack(0x000000178be00000,0x000000178bf00000) (1024K)]
  0x000001ed8c241710 JavaThread "Worker-JM"                         [_thread_blocked, id=14888, stack(0x000000178c000000,0x000000178c100000) (1024K)]
  0x000001ed8c242ac0 JavaThread "JNA Cleaner"                daemon [_thread_blocked, id=9120, stack(0x000000178c100000,0x000000178c200000) (1024K)]
  0x000001ed8c23f640 JavaThread "Worker-0"                          [_thread_blocked, id=14560, stack(0x000000178c200000,0x000000178c300000) (1024K)]
  0x000001ed8c2409f0 JavaThread "Worker-1"                          [_thread_blocked, id=24888, stack(0x000000178c300000,0x000000178c400000) (1024K)]
=>0x000001ed8b25bce0 JavaThread "C2 CompilerThread1"         daemon [_thread_in_native, id=26748, stack(0x000000178ae00000,0x000000178af00000) (1024K)]
  0x000001ed8c241da0 JavaThread "Java indexing"              daemon [_thread_blocked, id=23636, stack(0x000000178c400000,0x000000178c500000) (1024K)]
  0x000001ed8c241080 JavaThread "Worker-2: Java indexing... "        [_thread_blocked, id=7184, stack(0x000000178c700000,0x000000178c800000) (1024K)]
  0x000001ed8c242430 JavaThread "Worker-3"                          [_thread_blocked, id=2652, stack(0x000000178c800000,0x000000178c900000) (1024K)]
  0x000001ed8c240360 JavaThread "Worker-4: Building"                [_thread_in_native, id=26440, stack(0x000000178c900000,0x000000178ca00000) (1024K)]
  0x000001ed8c23fcd0 JavaThread "Thread-2"                   daemon [_thread_in_native, id=12996, stack(0x000000178ca00000,0x000000178cb00000) (1024K)]
  0x000001ed8ebcf520 JavaThread "Thread-3"                   daemon [_thread_in_native, id=22804, stack(0x000000178cb00000,0x000000178cc00000) (1024K)]
  0x000001ed8ebd36c0 JavaThread "Thread-4"                   daemon [_thread_in_native, id=4280, stack(0x000000178cc00000,0x000000178cd00000) (1024K)]
  0x000001ed8ebcfbb0 JavaThread "Thread-5"                   daemon [_thread_in_native, id=18176, stack(0x000000178cd00000,0x000000178ce00000) (1024K)]
  0x000001ed8ebd5790 JavaThread "Thread-6"                   daemon [_thread_in_native, id=17040, stack(0x000000178ce00000,0x000000178cf00000) (1024K)]
  0x000001ed8ebd2310 JavaThread "Thread-7"                   daemon [_thread_in_native, id=25596, stack(0x000000178cf00000,0x000000178d000000) (1024K)]
  0x000001ed8ebd5e20 JavaThread "Thread-8"                   daemon [_thread_in_native, id=25576, stack(0x000000178d000000,0x000000178d100000) (1024K)]
  0x000001ed8ebd4a70 JavaThread "Thread-9"                   daemon [_thread_in_native, id=8216, stack(0x000000178d100000,0x000000178d200000) (1024K)]
  0x000001ed8ebd5100 JavaThread "Thread-10"                  daemon [_thread_in_native, id=3128, stack(0x000000178d200000,0x000000178d300000) (1024K)]
  0x000001ed8ebd64b0 JavaThread "Thread-11"                  daemon [_thread_in_native, id=22908, stack(0x000000178d300000,0x000000178d400000) (1024K)]
  0x000001ed8ebd6b40 JavaThread "Thread-12"                  daemon [_thread_in_native, id=25968, stack(0x000000178d400000,0x000000178d500000) (1024K)]
  0x000001ed8ebd3d50 JavaThread "Thread-13"                  daemon [_thread_in_native, id=21536, stack(0x000000178d500000,0x000000178d600000) (1024K)]
  0x000001ed8ebd0240 JavaThread "Thread-14"                  daemon [_thread_in_native, id=7164, stack(0x000000178d600000,0x000000178d700000) (1024K)]
  0x000001ed8ebd3030 JavaThread "pool-2-thread-1"                   [_thread_blocked, id=17788, stack(0x000000178d700000,0x000000178d800000) (1024K)]
  0x000001ed8ebb4510 JavaThread "C2 CompilerThread2"         daemon [_thread_in_native, id=9708, stack(0x000000178d800000,0x000000178d900000) (1024K)]
  0x000001ed8ebd08d0 JavaThread "Worker-5"                          [_thread_blocked, id=22340, stack(0x000000178d900000,0x000000178da00000) (1024K)]
  0x000001ed8ebd0f60 JavaThread "WorkspaceEventsHandler"            [_thread_blocked, id=23924, stack(0x000000178da00000,0x000000178db00000) (1024K)]
  0x000001ed8ebd15f0 JavaThread "pool-1-thread-1"                   [_thread_blocked, id=12124, stack(0x000000178db00000,0x000000178dc00000) (1024K)]
Total: 44

Other Threads:
  0x000001ed43eb4110 VMThread "VM Thread"                           [id=20156, stack(0x000000178a400000,0x000000178a500000) (1024K)]
  0x000001ed2f9e50b0 WatcherThread "VM Periodic Task Thread"        [id=25364, stack(0x000000178a300000,0x000000178a400000) (1024K)]
  0x000001ed2f996850 WorkerThread "GC Thread#0"                     [id=11996, stack(0x000000178a200000,0x000000178a300000) (1024K)]
  0x000001ed8b626a60 WorkerThread "GC Thread#1"                     [id=19352, stack(0x000000178b100000,0x000000178b200000) (1024K)]
  0x000001ed8b6acfc0 WorkerThread "GC Thread#2"                     [id=18732, stack(0x000000178b200000,0x000000178b300000) (1024K)]
  0x000001ed8b6ad360 WorkerThread "GC Thread#3"                     [id=26952, stack(0x000000178b300000,0x000000178b400000) (1024K)]
  0x000001ed8b626e00 WorkerThread "GC Thread#4"                     [id=19368, stack(0x000000178b400000,0x000000178b500000) (1024K)]
  0x000001ed8b6271a0 WorkerThread "GC Thread#5"                     [id=21668, stack(0x000000178b500000,0x000000178b600000) (1024K)]
  0x000001ed8b627540 WorkerThread "GC Thread#6"                     [id=20244, stack(0x000000178b600000,0x000000178b700000) (1024K)]
  0x000001ed8be80500 WorkerThread "GC Thread#7"                     [id=6264, stack(0x000000178ba00000,0x000000178bb00000) (1024K)]
  0x000001ed8bf84c50 WorkerThread "GC Thread#8"                     [id=15788, stack(0x000000178bc00000,0x000000178bd00000) (1024K)]
  0x000001ed8bf84ff0 WorkerThread "GC Thread#9"                     [id=8768, stack(0x000000178bd00000,0x000000178be00000) (1024K)]
Total: 12

Threads with active compile tasks:
C2 CompilerThread0  11882 7446   !   4       org.eclipse.jdt.internal.core.search.indexing.BinaryIndexer::indexDocument (1204 bytes)
C2 CompilerThread1  11882 7478       4       org.eclipse.jdt.internal.core.search.indexing.BinaryIndexer::extractReferenceFromConstantPool (358 bytes)
C2 CompilerThread2  11882 7504       4       org.eclipse.jdt.internal.compiler.util.JrtFileSystem$2::visitFile (10 bytes)
Total: 3

VM state: not at safepoint (normal execution)

VM Mutex/Monitor currently owned by a thread: None

Heap address: 0x00000000c0000000, size: 1024 MB, Compressed Oops mode: 32-bit

CDS archive(s) mapped at: [0x000001ed44000000-0x000001ed44ba0000-0x000001ed44ba0000), size 12189696, SharedBaseAddress: 0x000001ed44000000, ArchiveRelocationMode: 1.
Compressed class space mapped at: 0x000001ed45000000-0x000001ed85000000, reserved size: 1073741824
Narrow klass base: 0x000001ed44000000, Narrow klass shift: 0, Narrow klass range: 0x100000000

GC Precious Log:
 CardTable entry size: 512
 CPUs: 12 total, 12 available
 Memory: 7528M
 Large Page Support: Disabled
 NUMA Support: Disabled
 Compressed Oops: Enabled (32-bit)
 Alignments: Space 512K, Generation 512K, Heap 2M
 Heap Min Capacity: 100M
 Heap Initial Capacity: 100M
 Heap Max Capacity: 1G
 Pre-touch: Disabled
 Parallel Workers: 10

Heap:
 PSYoungGen      total 4608K, used 1080K [0x00000000eab00000, 0x00000000eb080000, 0x0000000100000000)
  eden space 3584K, 2% used [0x00000000eab00000,0x00000000eab125f0,0x00000000eae80000)
  from space 1024K, 98% used [0x00000000eae80000,0x00000000eaf7bbc8,0x00000000eaf80000)
  to   space 1024K, 0% used [0x00000000eaf80000,0x00000000eaf80000,0x00000000eb080000)
 ParOldGen       total 102400K, used 102288K [0x00000000c0000000, 0x00000000c6400000, 0x00000000eab00000)
  object space 102400K, 99% used [0x00000000c0000000,0x00000000c63e43e8,0x00000000c6400000)
 Metaspace       used 48220K, committed 49472K, reserved 1114112K
  class space    used 5094K, committed 5632K, reserved 1048576K

Card table byte_map: [0x000001ed2f320000,0x000001ed2f530000] _byte_map_base: 0x000001ed2ed20000

Marking Bits: (ParMarkBitMap*) 0x00007ffe41cc2250
 Begin Bits: [0x000001ed41cd0000, 0x000001ed42cd0000)
 End Bits:   [0x000001ed42cd0000, 0x000001ed43cd0000)

Polling page: 0x000001ed2d940000

Metaspace:

Usage:
  Non-class:     42.12 MB used.
      Class:      4.97 MB used.
       Both:     47.09 MB used.

Virtual space:
  Non-class space:       64.00 MB reserved,      42.81 MB ( 67%) committed,  1 nodes.
      Class space:        1.00 GB reserved,       5.50 MB ( <1%) committed,  1 nodes.
             Both:        1.06 GB reserved,      48.31 MB (  4%) committed. 

Chunk freelists:
   Non-Class:  4.95 MB
       Class:  10.51 MB
        Both:  15.46 MB

MaxMetaspaceSize: unlimited
CompressedClassSpaceSize: 1.00 GB
Initial GC threshold: 21.00 MB
Current GC threshold: 58.38 MB
CDS: on
 - commit_granule_bytes: 65536.
 - commit_granule_words: 8192.
 - virtual_space_node_default_size: 8388608.
 - enlarge_chunks_in_place: 1.
 - use_allocation_guard: 0.


Internal statistics:

num_allocs_failed_limit: 6.
num_arena_births: 950.
num_arena_deaths: 14.
num_vsnodes_births: 2.
num_vsnodes_deaths: 0.
num_space_committed: 773.
num_space_uncommitted: 0.
num_chunks_returned_to_freelist: 20.
num_chunks_taken_from_freelist: 3217.
num_chunk_merges: 12.
num_chunk_splits: 1964.
num_chunks_enlarged: 1045.
num_inconsistent_stats: 0.

CodeHeap 'non-profiled nmethods': size=120000Kb used=3714Kb max_used=3714Kb free=116285Kb
 bounds [0x000001ed3a7a0000, 0x000001ed3ab50000, 0x000001ed41cd0000]
CodeHeap 'profiled nmethods': size=120000Kb used=14280Kb max_used=14280Kb free=105719Kb
 bounds [0x000001ed32cd0000, 0x000001ed33ad0000, 0x000001ed3a200000]
CodeHeap 'non-nmethods': size=5760Kb used=1379Kb max_used=1467Kb free=4380Kb
 bounds [0x000001ed3a200000, 0x000001ed3a470000, 0x000001ed3a7a0000]
 total_blobs=7559 nmethods=6877 adapters=588
 compilation: enabled
              stopped_count=0, restarted_count=0
 full_count=0

Compilation events (20 events):
Event: 11.621 Thread 0x000001ed8b012770 7497       3       org.eclipse.jdt.ls.core.internal.JobHelpers$InitializeJobMatcher::matches (7 bytes)
Event: 11.621 Thread 0x000001ed8b012770 nmethod 7497 0x000001ed33ac1710 code [0x000001ed33ac18c0, 0x000001ed33ac1aa8]
Event: 11.625 Thread 0x000001ed8ebb4510 nmethod 7493 0x000001ed3ab37e10 code [0x000001ed3ab38020, 0x000001ed3ab38a18]
Event: 11.625 Thread 0x000001ed8ebb4510 7494       4       sun.nio.fs.WindowsPath::getParent (74 bytes)
Event: 11.644 Thread 0x000001ed8ebb4510 nmethod 7494 0x000001ed3ab39010 code [0x000001ed3ab39220, 0x000001ed3ab39c18]
Event: 11.644 Thread 0x000001ed8ebb4510 7498       4       java.net.URI$Parser::scan (53 bytes)
Event: 11.653 Thread 0x000001ed8ebb4510 nmethod 7498 0x000001ed3ab3a210 code [0x000001ed3ab3a400, 0x000001ed3ab3aaa8]
Event: 11.653 Thread 0x000001ed8ebb4510 7491       4       java.lang.StringConcatHelper::prepend (22 bytes)
Event: 11.654 Thread 0x000001ed8ebb4510 nmethod 7491 0x000001ed3ab3b010 code [0x000001ed3ab3b1a0, 0x000001ed3ab3b2d0]
Event: 11.654 Thread 0x000001ed8ebb4510 7492       4       java.lang.StringConcatHelper::prepend (38 bytes)
Event: 11.655 Thread 0x000001ed8ebb4510 nmethod 7492 0x000001ed3ab3b410 code [0x000001ed3ab3b5a0, 0x000001ed3ab3b6a0]
Event: 11.655 Thread 0x000001ed8ebb4510 7438       4       java.util.LinkedHashMap::afterNodeInsertion (40 bytes)
Event: 11.657 Thread 0x000001ed8ebb4510 nmethod 7438 0x000001ed3ab3b790 code [0x000001ed3ab3b920, 0x000001ed3ab3b9c8]
Event: 11.657 Thread 0x000001ed8ebb4510 7422       4       org.osgi.framework.Version::toString0 (102 bytes)
Event: 11.719 Thread 0x000001ed8b012770 7501   !   3       java.io.RandomAccessFile::open (27 bytes)
Event: 11.719 Thread 0x000001ed8b012770 nmethod 7501 0x000001ed33ac1b90 code [0x000001ed33ac1d60, 0x000001ed33ac1f90]
Event: 11.778 Thread 0x000001ed8ebb4510 nmethod 7422 0x000001ed3ab3ba90 code [0x000001ed3ab3bdc0, 0x000001ed3ab3e0b0]
Event: 11.778 Thread 0x000001ed8ebb4510 7499       4       sun.nio.fs.WindowsPath::normalize (365 bytes)
Event: 11.802 Thread 0x000001ed8ebb4510 nmethod 7499 0x000001ed3ab3ef10 code [0x000001ed3ab3f1c0, 0x000001ed3ab3ff00]
Event: 11.802 Thread 0x000001ed8ebb4510 7504       4       org.eclipse.jdt.internal.compiler.util.JrtFileSystem$2::visitFile (10 bytes)

GC Heap History (20 events):
Event: 11.362 GC heap before
{Heap before GC invocations=55 (full 2):
 PSYoungGen      total 5632K, used 5224K [0x00000000eab00000, 0x00000000eb280000, 0x0000000100000000)
  eden space 4096K, 100% used [0x00000000eab00000,0x00000000eaf00000,0x00000000eaf00000)
  from space 1536K, 73% used [0x00000000eb100000,0x00000000eb21a208,0x00000000eb280000)
  to   space 1536K, 0% used [0x00000000eaf00000,0x00000000eaf00000,0x00000000eb080000)
 ParOldGen       total 92672K, used 92363K [0x00000000c0000000, 0x00000000c5a80000, 0x00000000eab00000)
  object space 92672K, 99% used [0x00000000c0000000,0x00000000c5a32e30,0x00000000c5a80000)
 Metaspace       used 48213K, committed 49472K, reserved 1114112K
  class space    used 5094K, committed 5632K, reserved 1048576K
}
Event: 11.366 GC heap after
{Heap after GC invocations=55 (full 2):
 PSYoungGen      total 5632K, used 1102K [0x00000000eab00000, 0x00000000eb200000, 0x0000000100000000)
  eden space 4096K, 0% used [0x00000000eab00000,0x00000000eab00000,0x00000000eaf00000)
  from space 1536K, 71% used [0x00000000eaf00000,0x00000000eb013bd0,0x00000000eb080000)
  to   space 1536K, 0% used [0x00000000eb080000,0x00000000eb080000,0x00000000eb200000)
 ParOldGen       total 93696K, used 93327K [0x00000000c0000000, 0x00000000c5b80000, 0x00000000eab00000)
  object space 93696K, 99% used [0x00000000c0000000,0x00000000c5b23c10,0x00000000c5b80000)
 Metaspace       used 48213K, committed 49472K, reserved 1114112K
  class space    used 5094K, committed 5632K, reserved 1048576K
}
Event: 11.408 GC heap before
{Heap before GC invocations=56 (full 2):
 PSYoungGen      total 5632K, used 5198K [0x00000000eab00000, 0x00000000eb200000, 0x0000000100000000)
  eden space 4096K, 100% used [0x00000000eab00000,0x00000000eaf00000,0x00000000eaf00000)
  from space 1536K, 71% used [0x00000000eaf00000,0x00000000eb013bd0,0x00000000eb080000)
  to   space 1536K, 0% used [0x00000000eb080000,0x00000000eb080000,0x00000000eb200000)
 ParOldGen       total 93696K, used 93327K [0x00000000c0000000, 0x00000000c5b80000, 0x00000000eab00000)
  object space 93696K, 99% used [0x00000000c0000000,0x00000000c5b23c10,0x00000000c5b80000)
 Metaspace       used 48213K, committed 49472K, reserved 1114112K
  class space    used 5094K, committed 5632K, reserved 1048576K
}
Event: 11.411 GC heap after
{Heap after GC invocations=56 (full 2):
 PSYoungGen      total 5632K, used 1056K [0x00000000eab00000, 0x00000000eb200000, 0x0000000100000000)
  eden space 4096K, 0% used [0x00000000eab00000,0x00000000eab00000,0x00000000eaf00000)
  from space 1536K, 68% used [0x00000000eb080000,0x00000000eb1882c0,0x00000000eb200000)
  to   space 1536K, 0% used [0x00000000eaf00000,0x00000000eaf00000,0x00000000eb080000)
 ParOldGen       total 94720K, used 94272K [0x00000000c0000000, 0x00000000c5c80000, 0x00000000eab00000)
  object space 94720K, 99% used [0x00000000c0000000,0x00000000c5c10348,0x00000000c5c80000)
 Metaspace       used 48213K, committed 49472K, reserved 1114112K
  class space    used 5094K, committed 5632K, reserved 1048576K
}
Event: 11.468 GC heap before
{Heap before GC invocations=57 (full 2):
 PSYoungGen      total 5632K, used 5152K [0x00000000eab00000, 0x00000000eb200000, 0x0000000100000000)
  eden space 4096K, 100% used [0x00000000eab00000,0x00000000eaf00000,0x00000000eaf00000)
  from space 1536K, 68% used [0x00000000eb080000,0x00000000eb1882c0,0x00000000eb200000)
  to   space 1536K, 0% used [0x00000000eaf00000,0x00000000eaf00000,0x00000000eb080000)
 ParOldGen       total 94720K, used 94272K [0x00000000c0000000, 0x00000000c5c80000, 0x00000000eab00000)
  object space 94720K, 99% used [0x00000000c0000000,0x00000000c5c10348,0x00000000c5c80000)
 Metaspace       used 48213K, committed 49472K, reserved 1114112K
  class space    used 5094K, committed 5632K, reserved 1048576K
}
Event: 11.472 GC heap after
{Heap after GC invocations=57 (full 2):
 PSYoungGen      total 5632K, used 1109K [0x00000000eab00000, 0x00000000eb200000, 0x0000000100000000)
  eden space 4096K, 0% used [0x00000000eab00000,0x00000000eab00000,0x00000000eaf00000)
  from space 1536K, 72% used [0x00000000eaf00000,0x00000000eb015738,0x00000000eb080000)
  to   space 1536K, 0% used [0x00000000eb080000,0x00000000eb080000,0x00000000eb200000)
 ParOldGen       total 95232K, used 95163K [0x00000000c0000000, 0x00000000c5d00000, 0x00000000eab00000)
  object space 95232K, 99% used [0x00000000c0000000,0x00000000c5ceee98,0x00000000c5d00000)
 Metaspace       used 48213K, committed 49472K, reserved 1114112K
  class space    used 5094K, committed 5632K, reserved 1048576K
}
Event: 11.507 GC heap before
{Heap before GC invocations=58 (full 2):
 PSYoungGen      total 5632K, used 5205K [0x00000000eab00000, 0x00000000eb200000, 0x0000000100000000)
  eden space 4096K, 100% used [0x00000000eab00000,0x00000000eaf00000,0x00000000eaf00000)
  from space 1536K, 72% used [0x00000000eaf00000,0x00000000eb015738,0x00000000eb080000)
  to   space 1536K, 0% used [0x00000000eb080000,0x00000000eb080000,0x00000000eb200000)
 ParOldGen       total 95232K, used 95163K [0x00000000c0000000, 0x00000000c5d00000, 0x00000000eab00000)
  object space 95232K, 99% used [0x00000000c0000000,0x00000000c5ceee98,0x00000000c5d00000)
 Metaspace       used 48218K, committed 49472K, reserved 1114112K
  class space    used 5094K, committed 5632K, reserved 1048576K
}
Event: 11.511 GC heap after
{Heap after GC invocations=58 (full 2):
 PSYoungGen      total 5120K, used 800K [0x00000000eab00000, 0x00000000eb180000, 0x0000000100000000)
  eden space 4096K, 0% used [0x00000000eab00000,0x00000000eab00000,0x00000000eaf00000)
  from space 1024K, 78% used [0x00000000eb080000,0x00000000eb148000,0x00000000eb180000)
  to   space 1024K, 0% used [0x00000000eaf80000,0x00000000eaf80000,0x00000000eb080000)
 ParOldGen       total 96256K, used 96127K [0x00000000c0000000, 0x00000000c5e00000, 0x00000000eab00000)
  object space 96256K, 99% used [0x00000000c0000000,0x00000000c5ddfc28,0x00000000c5e00000)
 Metaspace       used 48218K, committed 49472K, reserved 1114112K
  class space    used 5094K, committed 5632K, reserved 1048576K
}
Event: 11.541 GC heap before
{Heap before GC invocations=59 (full 2):
 PSYoungGen      total 5120K, used 4896K [0x00000000eab00000, 0x00000000eb180000, 0x0000000100000000)
  eden space 4096K, 100% used [0x00000000eab00000,0x00000000eaf00000,0x00000000eaf00000)
  from space 1024K, 78% used [0x00000000eb080000,0x00000000eb148000,0x00000000eb180000)
  to   space 1024K, 0% used [0x00000000eaf80000,0x00000000eaf80000,0x00000000eb080000)
 ParOldGen       total 96256K, used 96127K [0x00000000c0000000, 0x00000000c5e00000, 0x00000000eab00000)
  object space 96256K, 99% used [0x00000000c0000000,0x00000000c5ddfc28,0x00000000c5e00000)
 Metaspace       used 48218K, committed 49472K, reserved 1114112K
  class space    used 5094K, committed 5632K, reserved 1048576K
}
Event: 11.544 GC heap after
{Heap after GC invocations=59 (full 2):
 PSYoungGen      total 5120K, used 1006K [0x00000000eab00000, 0x00000000eb300000, 0x0000000100000000)
  eden space 4096K, 0% used [0x00000000eab00000,0x00000000eab00000,0x00000000eaf00000)
  from space 1024K, 98% used [0x00000000eaf80000,0x00000000eb07b920,0x00000000eb080000)
  to   space 2048K, 0% used [0x00000000eb100000,0x00000000eb100000,0x00000000eb300000)
 ParOldGen       total 97280K, used 96816K [0x00000000c0000000, 0x00000000c5f00000, 0x00000000eab00000)
  object space 97280K, 99% used [0x00000000c0000000,0x00000000c5e8c2a0,0x00000000c5f00000)
 Metaspace       used 48218K, committed 49472K, reserved 1114112K
  class space    used 5094K, committed 5632K, reserved 1048576K
}
Event: 11.577 GC heap before
{Heap before GC invocations=60 (full 2):
 PSYoungGen      total 5120K, used 5102K [0x00000000eab00000, 0x00000000eb300000, 0x0000000100000000)
  eden space 4096K, 100% used [0x00000000eab00000,0x00000000eaf00000,0x00000000eaf00000)
  from space 1024K, 98% used [0x00000000eaf80000,0x00000000eb07b920,0x00000000eb080000)
  to   space 2048K, 0% used [0x00000000eb100000,0x00000000eb100000,0x00000000eb300000)
 ParOldGen       total 97280K, used 96816K [0x00000000c0000000, 0x00000000c5f00000, 0x00000000eab00000)
  object space 97280K, 99% used [0x00000000c0000000,0x00000000c5e8c2a0,0x00000000c5f00000)
 Metaspace       used 48219K, committed 49472K, reserved 1114112K
  class space    used 5094K, committed 5632K, reserved 1048576K
}
Event: 11.586 GC heap after
{Heap after GC invocations=60 (full 2):
 PSYoungGen      total 5632K, used 1104K [0x00000000eab00000, 0x00000000eb280000, 0x0000000100000000)
  eden space 4096K, 0% used [0x00000000eab00000,0x00000000eab00000,0x00000000eaf00000)
  from space 1536K, 71% used [0x00000000eb100000,0x00000000eb214200,0x00000000eb280000)
  to   space 1536K, 0% used [0x00000000eaf80000,0x00000000eaf80000,0x00000000eb100000)
 ParOldGen       total 97792K, used 97749K [0x00000000c0000000, 0x00000000c5f80000, 0x00000000eab00000)
  object space 97792K, 99% used [0x00000000c0000000,0x00000000c5f75738,0x00000000c5f80000)
 Metaspace       used 48219K, committed 49472K, reserved 1114112K
  class space    used 5094K, committed 5632K, reserved 1048576K
}
Event: 11.710 GC heap before
{Heap before GC invocations=61 (full 2):
 PSYoungGen      total 5632K, used 5191K [0x00000000eab00000, 0x00000000eb280000, 0x0000000100000000)
  eden space 4096K, 99% used [0x00000000eab00000,0x00000000eaefdb90,0x00000000eaf00000)
  from space 1536K, 71% used [0x00000000eb100000,0x00000000eb214200,0x00000000eb280000)
  to   space 1536K, 0% used [0x00000000eaf80000,0x00000000eaf80000,0x00000000eb100000)
 ParOldGen       total 97792K, used 97749K [0x00000000c0000000, 0x00000000c5f80000, 0x00000000eab00000)
  object space 97792K, 99% used [0x00000000c0000000,0x00000000c5f75738,0x00000000c5f80000)
 Metaspace       used 48220K, committed 49472K, reserved 1114112K
  class space    used 5094K, committed 5632K, reserved 1048576K
}
Event: 11.714 GC heap after
{Heap after GC invocations=61 (full 2):
 PSYoungGen      total 5632K, used 1056K [0x00000000eab00000, 0x00000000eb200000, 0x0000000100000000)
  eden space 4096K, 0% used [0x00000000eab00000,0x00000000eab00000,0x00000000eaf00000)
  from space 1536K, 68% used [0x00000000eaf80000,0x00000000eb088000,0x00000000eb100000)
  to   space 1024K, 0% used [0x00000000eb100000,0x00000000eb100000,0x00000000eb200000)
 ParOldGen       total 98816K, used 98683K [0x00000000c0000000, 0x00000000c6080000, 0x00000000eab00000)
  object space 98816K, 99% used [0x00000000c0000000,0x00000000c605ef48,0x00000000c6080000)
 Metaspace       used 48220K, committed 49472K, reserved 1114112K
  class space    used 5094K, committed 5632K, reserved 1048576K
}
Event: 11.768 GC heap before
{Heap before GC invocations=62 (full 2):
 PSYoungGen      total 5632K, used 5152K [0x00000000eab00000, 0x00000000eb200000, 0x0000000100000000)
  eden space 4096K, 100% used [0x00000000eab00000,0x00000000eaf00000,0x00000000eaf00000)
  from space 1536K, 68% used [0x00000000eaf80000,0x00000000eb088000,0x00000000eb100000)
  to   space 1024K, 0% used [0x00000000eb100000,0x00000000eb100000,0x00000000eb200000)
 ParOldGen       total 98816K, used 98683K [0x00000000c0000000, 0x00000000c6080000, 0x00000000eab00000)
  object space 98816K, 99% used [0x00000000c0000000,0x00000000c605ef48,0x00000000c6080000)
 Metaspace       used 48220K, committed 49472K, reserved 1114112K
  class space    used 5094K, committed 5632K, reserved 1048576K
}
Event: 11.771 GC heap after
{Heap after GC invocations=62 (full 2):
 PSYoungGen      total 4608K, used 1015K [0x00000000eab00000, 0x00000000eb400000, 0x0000000100000000)
  eden space 3584K, 0% used [0x00000000eab00000,0x00000000eab00000,0x00000000eae80000)
  from space 1024K, 99% used [0x00000000eb100000,0x00000000eb1fdd48,0x00000000eb200000)
  to   space 2560K, 0% used [0x00000000eae80000,0x00000000eae80000,0x00000000eb100000)
 ParOldGen       total 99840K, used 99627K [0x00000000c0000000, 0x00000000c6180000, 0x00000000eab00000)
  object space 99840K, 99% used [0x00000000c0000000,0x00000000c614adb0,0x00000000c6180000)
 Metaspace       used 48220K, committed 49472K, reserved 1114112K
  class space    used 5094K, committed 5632K, reserved 1048576K
}
Event: 11.807 GC heap before
{Heap before GC invocations=63 (full 2):
 PSYoungGen      total 4608K, used 4592K [0x00000000eab00000, 0x00000000eb400000, 0x0000000100000000)
  eden space 3584K, 99% used [0x00000000eab00000,0x00000000eae7e2b8,0x00000000eae80000)
  from space 1024K, 99% used [0x00000000eb100000,0x00000000eb1fdd48,0x00000000eb200000)
  to   space 2560K, 0% used [0x00000000eae80000,0x00000000eae80000,0x00000000eb100000)
 ParOldGen       total 99840K, used 99627K [0x00000000c0000000, 0x00000000c6180000, 0x00000000eab00000)
  object space 99840K, 99% used [0x00000000c0000000,0x00000000c614adb0,0x00000000c6180000)
 Metaspace       used 48220K, committed 49472K, reserved 1114112K
  class space    used 5094K, committed 5632K, reserved 1048576K
}
Event: 11.809 GC heap after
{Heap after GC invocations=63 (full 2):
 PSYoungGen      total 4608K, used 955K [0x00000000eab00000, 0x00000000eb180000, 0x0000000100000000)
  eden space 3584K, 0% used [0x00000000eab00000,0x00000000eab00000,0x00000000eae80000)
  from space 1024K, 93% used [0x00000000eae80000,0x00000000eaf6ec18,0x00000000eaf80000)
  to   space 1536K, 0% used [0x00000000eb000000,0x00000000eb000000,0x00000000eb180000)
 ParOldGen       total 100864K, used 100557K [0x00000000c0000000, 0x00000000c6280000, 0x00000000eab00000)
  object space 100864K, 99% used [0x00000000c0000000,0x00000000c62334e8,0x00000000c6280000)
 Metaspace       used 48220K, committed 49472K, reserved 1114112K
  class space    used 5094K, committed 5632K, reserved 1048576K
}
Event: 11.846 GC heap before
{Heap before GC invocations=64 (full 2):
 PSYoungGen      total 4608K, used 4539K [0x00000000eab00000, 0x00000000eb180000, 0x0000000100000000)
  eden space 3584K, 100% used [0x00000000eab00000,0x00000000eae80000,0x00000000eae80000)
  from space 1024K, 93% used [0x00000000eae80000,0x00000000eaf6ec18,0x00000000eaf80000)
  to   space 1536K, 0% used [0x00000000eb000000,0x00000000eb000000,0x00000000eb180000)
 ParOldGen       total 100864K, used 100557K [0x00000000c0000000, 0x00000000c6280000, 0x00000000eab00000)
  object space 100864K, 99% used [0x00000000c0000000,0x00000000c62334e8,0x00000000c6280000)
 Metaspace       used 48220K, committed 49472K, reserved 1114112K
  class space    used 5094K, committed 5632K, reserved 1048576K
}
Event: 11.850 GC heap after
{Heap after GC invocations=64 (full 2):
 PSYoungGen      total 5120K, used 999K [0x00000000eab00000, 0x00000000eb180000, 0x0000000100000000)
  eden space 3584K, 0% used [0x00000000eab00000,0x00000000eab00000,0x00000000eae80000)
  from space 1536K, 65% used [0x00000000eb000000,0x00000000eb0f9e60,0x00000000eb180000)
  to   space 1536K, 0% used [0x00000000eae80000,0x00000000eae80000,0x00000000eb000000)
 ParOldGen       total 101888K, used 101377K [0x00000000c0000000, 0x00000000c6380000, 0x00000000eab00000)
  object space 101888K, 99% used [0x00000000c0000000,0x00000000c6300418,0x00000000c6380000)
 Metaspace       used 48220K, committed 49472K, reserved 1114112K
  class space    used 5094K, committed 5632K, reserved 1048576K
}

Dll operation events (10 events):
Event: 0.008 Loaded shared library c:\Users\ADMIN\.vscode\extensions\redhat.java-1.39.0-win32-x64\jre\21.0.5-win32-x86_64\bin\java.dll
Event: 0.062 Loaded shared library c:\Users\ADMIN\.vscode\extensions\redhat.java-1.39.0-win32-x64\jre\21.0.5-win32-x86_64\bin\zip.dll
Event: 0.079 Loaded shared library C:\Users\ADMIN\.vscode\extensions\redhat.java-1.39.0-win32-x64\jre\21.0.5-win32-x86_64\bin\instrument.dll
Event: 0.083 Loaded shared library C:\Users\ADMIN\.vscode\extensions\redhat.java-1.39.0-win32-x64\jre\21.0.5-win32-x86_64\bin\net.dll
Event: 0.085 Loaded shared library C:\Users\ADMIN\.vscode\extensions\redhat.java-1.39.0-win32-x64\jre\21.0.5-win32-x86_64\bin\nio.dll
Event: 0.087 Loaded shared library C:\Users\ADMIN\.vscode\extensions\redhat.java-1.39.0-win32-x64\jre\21.0.5-win32-x86_64\bin\zip.dll
Event: 0.103 Loaded shared library C:\Users\ADMIN\.vscode\extensions\redhat.java-1.39.0-win32-x64\jre\21.0.5-win32-x86_64\bin\jimage.dll
Event: 0.170 Loaded shared library c:\Users\ADMIN\.vscode\extensions\redhat.java-1.39.0-win32-x64\jre\21.0.5-win32-x86_64\bin\verify.dll
Event: 1.329 Loaded shared library C:\Users\ADMIN\AppData\Roaming\Code\User\globalStorage\redhat.java\1.39.0\config_win\org.eclipse.equinox.launcher\org.eclipse.equinox.launcher.win32.win32.x86_64_1.2.1100.v20240722-2106\eclipse_11904.dll
Event: 3.268 Loaded shared library C:\Users\ADMIN\AppData\Local\Temp\jna-62130991\jna823665394143639312.dll

Deoptimization events (20 events):
Event: 11.719 Thread 0x000001ed8c241da0 DEOPT PACKING pc=0x000001ed339e2dd3 sp=0x000000178c4fe8e0
Event: 11.720 Thread 0x000001ed8c241da0 DEOPT UNPACKING pc=0x000001ed3a254242 sp=0x000000178c4fde60 mode 0
Event: 11.740 Thread 0x000001ed8c241da0 DEOPT PACKING pc=0x000001ed339e2e53 sp=0x000000178c4fe8e0
Event: 11.740 Thread 0x000001ed8c241da0 DEOPT UNPACKING pc=0x000001ed3a254242 sp=0x000000178c4fde60 mode 0
Event: 11.749 Thread 0x000001ed8c241da0 DEOPT PACKING pc=0x000001ed339e2dd3 sp=0x000000178c4fe8e0
Event: 11.749 Thread 0x000001ed8c241da0 DEOPT UNPACKING pc=0x000001ed3a254242 sp=0x000000178c4fde60 mode 0
Event: 11.757 Thread 0x000001ed8c241da0 DEOPT PACKING pc=0x000001ed339e2dd3 sp=0x000000178c4fe8e0
Event: 11.757 Thread 0x000001ed8c241da0 DEOPT UNPACKING pc=0x000001ed3a254242 sp=0x000000178c4fde60 mode 0
Event: 11.773 Thread 0x000001ed8c241da0 DEOPT PACKING pc=0x000001ed339e2e53 sp=0x000000178c4fe8e0
Event: 11.773 Thread 0x000001ed8c241da0 DEOPT UNPACKING pc=0x000001ed3a254242 sp=0x000000178c4fde60 mode 0
Event: 11.790 Thread 0x000001ed8c241da0 DEOPT PACKING pc=0x000001ed339e2dd3 sp=0x000000178c4fe8e0
Event: 11.790 Thread 0x000001ed8c241da0 DEOPT UNPACKING pc=0x000001ed3a254242 sp=0x000000178c4fde60 mode 0
Event: 11.811 Thread 0x000001ed8c241da0 DEOPT PACKING pc=0x000001ed339e2e53 sp=0x000000178c4fe8e0
Event: 11.811 Thread 0x000001ed8c241da0 DEOPT UNPACKING pc=0x000001ed3a254242 sp=0x000000178c4fde60 mode 0
Event: 11.821 Thread 0x000001ed8c241da0 DEOPT PACKING pc=0x000001ed339e2dd3 sp=0x000000178c4fe8e0
Event: 11.821 Thread 0x000001ed8c241da0 DEOPT UNPACKING pc=0x000001ed3a254242 sp=0x000000178c4fde60 mode 0
Event: 11.839 Thread 0x000001ed8c241da0 DEOPT PACKING pc=0x000001ed339e2e53 sp=0x000000178c4fe8e0
Event: 11.839 Thread 0x000001ed8c241da0 DEOPT UNPACKING pc=0x000001ed3a254242 sp=0x000000178c4fde60 mode 0
Event: 11.852 Thread 0x000001ed8c241da0 DEOPT PACKING pc=0x000001ed339e2dd3 sp=0x000000178c4fe8e0
Event: 11.852 Thread 0x000001ed8c241da0 DEOPT UNPACKING pc=0x000001ed3a254242 sp=0x000000178c4fde60 mode 0

Classes loaded (20 events):
Event: 10.036 Loading class java/lang/ProcessEnvironment$CheckedKeySet
Event: 10.036 Loading class java/lang/ProcessEnvironment$CheckedKeySet done
Event: 10.516 Loading class sun/nio/ch/WindowsAsynchronousFileChannelImpl$WriteTask
Event: 10.517 Loading class sun/nio/ch/WindowsAsynchronousFileChannelImpl$WriteTask done
Event: 10.676 Loading class java/util/regex/Pattern$Pos
Event: 10.677 Loading class java/util/regex/Pattern$Pos done
Event: 10.729 Loading class sun/security/provider/MD5
Event: 10.731 Loading class sun/security/provider/MD5 done
Event: 10.731 Loading class sun/security/provider/ByteArrayAccess$LE
Event: 10.732 Loading class sun/security/provider/ByteArrayAccess$LE done
Event: 10.739 Loading class java/util/stream/MatchOps$MatchKind
Event: 10.739 Loading class java/util/stream/MatchOps$MatchKind done
Event: 10.739 Loading class java/util/stream/MatchOps
Event: 10.740 Loading class java/util/stream/MatchOps done
Event: 10.740 Loading class java/util/stream/MatchOps$MatchOp
Event: 10.740 Loading class java/util/stream/MatchOps$MatchOp done
Event: 10.740 Loading class java/util/stream/MatchOps$BooleanTerminalSink
Event: 10.740 Loading class java/util/stream/MatchOps$BooleanTerminalSink done
Event: 10.741 Loading class java/util/stream/MatchOps$1MatchSink
Event: 10.742 Loading class java/util/stream/MatchOps$1MatchSink done

Classes unloaded (7 events):
Event: 4.000 Thread 0x000001ed43eb4110 Unloading class 0x000001ed45199400 'java/lang/invoke/LambdaForm$MH+0x000001ed45199400'
Event: 4.000 Thread 0x000001ed43eb4110 Unloading class 0x000001ed45199000 'java/lang/invoke/LambdaForm$MH+0x000001ed45199000'
Event: 4.000 Thread 0x000001ed43eb4110 Unloading class 0x000001ed45198c00 'java/lang/invoke/LambdaForm$MH+0x000001ed45198c00'
Event: 4.000 Thread 0x000001ed43eb4110 Unloading class 0x000001ed45198800 'java/lang/invoke/LambdaForm$MH+0x000001ed45198800'
Event: 4.000 Thread 0x000001ed43eb4110 Unloading class 0x000001ed45198400 'java/lang/invoke/LambdaForm$BMH+0x000001ed45198400'
Event: 4.000 Thread 0x000001ed43eb4110 Unloading class 0x000001ed45198000 'java/lang/invoke/LambdaForm$DMH+0x000001ed45198000'
Event: 4.000 Thread 0x000001ed43eb4110 Unloading class 0x000001ed45196c00 'java/lang/invoke/LambdaForm$DMH+0x000001ed45196c00'

Classes redefined (0 events):
No events

Internal exceptions (20 events):
Event: 6.506 Thread 0x000001ed8c241da0 Exception <a 'java/lang/NoSuchMethodError'{0x00000000eb6d69a0}: 'java.lang.Object java.lang.invoke.Invokers$Holder.linkToTargetMethod(java.lang.Object, java.lang.Object, int, java.lang.Object)'> (0x00000000eb6d69a0) 
thrown [s\src\hotspot\share\interpreter\linkResolver.cpp, line 773]
Event: 6.516 Thread 0x000001ed8c241da0 Exception <a 'java/lang/NoSuchMethodError'{0x00000000eb7ddf78}: 'void java.lang.invoke.DirectMethodHandle$Holder.invokeStaticInit(java.lang.Object, java.lang.Object, java.lang.Object)'> (0x00000000eb7ddf78) 
thrown [s\src\hotspot\share\interpreter\linkResolver.cpp, line 773]
Event: 7.369 Thread 0x000001ed8c23f640 Exception <a 'java/io/FileNotFoundException'{0x00000000eb0f89b8}> (0x00000000eb0f89b8) 
thrown [s\src\hotspot\share\prims\jni.cpp, line 520]
Event: 7.370 Thread 0x000001ed8c23f640 Exception <a 'java/io/FileNotFoundException'{0x00000000eb0f99b8}> (0x00000000eb0f99b8) 
thrown [s\src\hotspot\share\prims\jni.cpp, line 520]
Event: 7.370 Thread 0x000001ed8c23f640 Exception <a 'java/io/FileNotFoundException'{0x00000000eb0fa710}> (0x00000000eb0fa710) 
thrown [s\src\hotspot\share\prims\jni.cpp, line 520]
Event: 7.400 Thread 0x000001ed8c240360 Exception <a 'sun/nio/fs/WindowsException'{0x00000000eb522828}> (0x00000000eb522828) 
thrown [s\src\hotspot\share\prims\jni.cpp, line 520]
Event: 7.401 Thread 0x000001ed8c240360 Exception <a 'sun/nio/fs/WindowsException'{0x00000000eb522e58}> (0x00000000eb522e58) 
thrown [s\src\hotspot\share\prims\jni.cpp, line 520]
Event: 7.537 Thread 0x000001ed8ebd15f0 Exception <a 'java/io/FileNotFoundException'{0x00000000eabb3a10}> (0x00000000eabb3a10) 
thrown [s\src\hotspot\share\prims\jni.cpp, line 520]
Event: 7.579 Thread 0x000001ed8ebd15f0 Exception <a 'java/lang/NoSuchMethodError'{0x00000000eb22ef98}: 'java.lang.Object java.lang.invoke.DirectMethodHandle$Holder.invokeStatic(java.lang.Object, int, java.lang.Object, java.lang.Object)'> (0x00000000eb22ef98) 
thrown [s\src\hotspot\share\interpreter\linkResolver.cpp, line 773]
Event: 7.579 Thread 0x000001ed8ebd15f0 Exception <a 'java/lang/NoSuchMethodError'{0x00000000eb254dc0}: 'java.lang.Object java.lang.invoke.DelegatingMethodHandle$Holder.delegate(java.lang.Object, int, java.lang.Object, java.lang.Object)'> (0x00000000eb254dc0) 
thrown [s\src\hotspot\share\interpreter\linkResolver.cpp, line 773]
Event: 7.580 Thread 0x000001ed8ebd15f0 Implicit null exception at 0x000001ed3a7fe576 to 0x000001ed3a7fe8ac
Event: 7.584 Thread 0x000001ed8ebd15f0 Exception <a 'java/lang/NoSuchMethodError'{0x00000000eb2e2b48}: 'int java.lang.invoke.Invokers$Holder.linkToTargetMethod(java.lang.Object, java.lang.Object, java.lang.Object)'> (0x00000000eb2e2b48) 
thrown [s\src\hotspot\share\interpreter\linkResolver.cpp, line 773]
Event: 7.722 Thread 0x000001ed8c241da0 Implicit null exception at 0x000001ed3a9e935a to 0x000001ed3a9e9458
Event: 8.850 Thread 0x000001ed8c242430 Exception <a 'java/lang/ExceptionInInitializerError'{0x00000000eb380f40}> (0x00000000eb380f40) 
thrown [s\src\hotspot\share\oops\instanceKlass.cpp, line 1220]
Event: 8.926 Thread 0x000001ed8c242430 Implicit null exception at 0x000001ed3a8e397e to 0x000001ed3a8e3bf0
Event: 8.927 Thread 0x000001ed8c242430 Implicit null exception at 0x000001ed3a842f9c to 0x000001ed3a843e04
Event: 8.938 Thread 0x000001ed8c242430 Exception <a 'java/lang/NoSuchMethodError'{0x00000000eb116a40}: 'java.lang.Object java.lang.invoke.Invokers$Holder.invokeExact_MT(java.lang.Object, int, java.lang.Object)'> (0x00000000eb116a40) 
thrown [s\src\hotspot\share\interpreter\linkResolver.cpp, line 773]
Event: 9.979 Thread 0x000001ed8c242430 Exception <a 'java/lang/NoClassDefFoundError'{0x00000000eb23bb50}: com/google/inject/servlet/ServletModuleTargetVisitor> (0x00000000eb23bb50) 
thrown [s\src\hotspot\share\classfile\systemDictionary.cpp, line 301]
Event: 10.532 Thread 0x000001ed8ebd15f0 Exception <a 'java/lang/IncompatibleClassChangeError'{0x00000000eae33fe8}: Found class java.lang.Object, but interface was expected> (0x00000000eae33fe8) 
thrown [s\src\hotspot\share\interpreter\linkResolver.cpp, line 840]
Event: 10.696 Thread 0x000001ed8c241da0 Implicit null exception at 0x000001ed3aafe310 to 0x000001ed3ab04a28

ZGC Phase Switch (0 events):
No events

VM Operations (20 events):
Event: 11.362 Executing VM operation: ParallelGCFailedAllocation (Allocation Failure)
Event: 11.366 Executing VM operation: ParallelGCFailedAllocation (Allocation Failure) done
Event: 11.408 Executing VM operation: ParallelGCFailedAllocation (Allocation Failure)
Event: 11.411 Executing VM operation: ParallelGCFailedAllocation (Allocation Failure) done
Event: 11.468 Executing VM operation: ParallelGCFailedAllocation (Allocation Failure)
Event: 11.472 Executing VM operation: ParallelGCFailedAllocation (Allocation Failure) done
Event: 11.507 Executing VM operation: ParallelGCFailedAllocation (Allocation Failure)
Event: 11.511 Executing VM operation: ParallelGCFailedAllocation (Allocation Failure) done
Event: 11.541 Executing VM operation: ParallelGCFailedAllocation (Allocation Failure)
Event: 11.544 Executing VM operation: ParallelGCFailedAllocation (Allocation Failure) done
Event: 11.577 Executing VM operation: ParallelGCFailedAllocation (Allocation Failure)
Event: 11.586 Executing VM operation: ParallelGCFailedAllocation (Allocation Failure) done
Event: 11.699 Executing VM operation: ParallelGCFailedAllocation (Allocation Failure)
Event: 11.714 Executing VM operation: ParallelGCFailedAllocation (Allocation Failure) done
Event: 11.768 Executing VM operation: ParallelGCFailedAllocation (Allocation Failure)
Event: 11.771 Executing VM operation: ParallelGCFailedAllocation (Allocation Failure) done
Event: 11.806 Executing VM operation: ParallelGCFailedAllocation (Allocation Failure)
Event: 11.809 Executing VM operation: ParallelGCFailedAllocation (Allocation Failure) done
Event: 11.846 Executing VM operation: ParallelGCFailedAllocation (Allocation Failure)
Event: 11.850 Executing VM operation: ParallelGCFailedAllocation (Allocation Failure) done

Memory protections (0 events):
No events

Nmethod flushes (20 events):
Event: 5.595 Thread 0x000001ed43eb4110 flushing  nmethod 0x000001ed33337690
Event: 5.595 Thread 0x000001ed43eb4110 flushing  nmethod 0x000001ed3333a290
Event: 5.595 Thread 0x000001ed43eb4110 flushing  nmethod 0x000001ed3333b210
Event: 5.595 Thread 0x000001ed43eb4110 flushing  nmethod 0x000001ed3333c710
Event: 5.595 Thread 0x000001ed43eb4110 flushing  nmethod 0x000001ed33349810
Event: 5.595 Thread 0x000001ed43eb4110 flushing  nmethod 0x000001ed33366690
Event: 5.595 Thread 0x000001ed43eb4110 flushing  nmethod 0x000001ed33372390
Event: 5.595 Thread 0x000001ed43eb4110 flushing  nmethod 0x000001ed33373110
Event: 5.595 Thread 0x000001ed43eb4110 flushing  nmethod 0x000001ed333bbf10
Event: 5.595 Thread 0x000001ed43eb4110 flushing  nmethod 0x000001ed33405290
Event: 5.595 Thread 0x000001ed43eb4110 flushing  nmethod 0x000001ed3341db90
Event: 5.595 Thread 0x000001ed43eb4110 flushing  nmethod 0x000001ed3343a310
Event: 5.595 Thread 0x000001ed43eb4110 flushing  nmethod 0x000001ed3343a790
Event: 5.595 Thread 0x000001ed43eb4110 flushing  nmethod 0x000001ed3343ce90
Event: 5.595 Thread 0x000001ed43eb4110 flushing  nmethod 0x000001ed3343dc90
Event: 5.595 Thread 0x000001ed43eb4110 flushing  nmethod 0x000001ed3343e910
Event: 5.595 Thread 0x000001ed43eb4110 flushing  nmethod 0x000001ed33441a90
Event: 5.595 Thread 0x000001ed43eb4110 flushing  nmethod 0x000001ed3345c710
Event: 5.595 Thread 0x000001ed43eb4110 flushing  nmethod 0x000001ed3345df10
Event: 5.595 Thread 0x000001ed43eb4110 flushing  nmethod 0x000001ed33479a10

Events (20 events):
Event: 5.072 Thread 0x000001ed8c242430 Thread added: 0x000001ed8c240360
Event: 5.128 Thread 0x000001ed2f975990 Thread added: 0x000001ed8c23fcd0
Event: 5.129 Thread 0x000001ed2f975990 Thread added: 0x000001ed8ebcf520
Event: 5.129 Thread 0x000001ed2f975990 Thread added: 0x000001ed8ebd36c0
Event: 5.129 Thread 0x000001ed2f975990 Thread added: 0x000001ed8ebcfbb0
Event: 5.129 Thread 0x000001ed2f975990 Thread added: 0x000001ed8ebd5790
Event: 5.129 Thread 0x000001ed2f975990 Thread added: 0x000001ed8ebd2310
Event: 5.130 Thread 0x000001ed2f975990 Thread added: 0x000001ed8ebd5e20
Event: 5.130 Thread 0x000001ed2f975990 Thread added: 0x000001ed8ebd4a70
Event: 5.130 Thread 0x000001ed2f975990 Thread added: 0x000001ed8ebd5100
Event: 5.130 Thread 0x000001ed2f975990 Thread added: 0x000001ed8ebd64b0
Event: 5.130 Thread 0x000001ed2f975990 Thread added: 0x000001ed8ebd6b40
Event: 5.130 Thread 0x000001ed2f975990 Thread added: 0x000001ed8ebd3d50
Event: 5.130 Thread 0x000001ed2f975990 Thread added: 0x000001ed8ebd0240
Event: 5.214 Thread 0x000001ed2f975990 Thread added: 0x000001ed8ebd3030
Event: 5.228 Thread 0x000001ed8b25bce0 Thread added: 0x000001ed8ebb4510
Event: 5.830 Thread 0x000001ed8c240360 Thread added: 0x000001ed8ebd08d0
Event: 5.887 Thread 0x000001ed2f975990 Thread added: 0x000001ed8ebd0f60
Event: 5.888 Thread 0x000001ed2f975990 Thread added: 0x000001ed8ebd15f0
Event: 9.059 Thread 0x000001ed8c533840 Thread exited: 0x000001ed8c533840


Dynamic libraries:
0x00007ff668530000 - 0x00007ff66853e000 	c:\Users\ADMIN\.vscode\extensions\redhat.java-1.39.0-win32-x64\jre\21.0.5-win32-x86_64\bin\java.exe
0x00007ffe816b0000 - 0x00007ffe818c4000 	C:\Windows\SYSTEM32\ntdll.dll
0x00007ffe7f710000 - 0x00007ffe7f7d2000 	C:\Windows\System32\KERNEL32.DLL
0x00007ffe7ee20000 - 0x00007ffe7f1bc000 	C:\Windows\System32\KERNELBASE.dll
0x00007ffe7f1c0000 - 0x00007ffe7f2d1000 	C:\Windows\System32\ucrtbase.dll
0x00007ffe75120000 - 0x00007ffe75138000 	c:\Users\ADMIN\.vscode\extensions\redhat.java-1.39.0-win32-x64\jre\21.0.5-win32-x86_64\bin\jli.dll
0x00007ffe77040000 - 0x00007ffe7705e000 	c:\Users\ADMIN\.vscode\extensions\redhat.java-1.39.0-win32-x64\jre\21.0.5-win32-x86_64\bin\VCRUNTIME140.dll
0x00007ffe7ff10000 - 0x00007ffe800bb000 	C:\Windows\System32\USER32.dll
0x00007ffe7f2e0000 - 0x00007ffe7f306000 	C:\Windows\System32\win32u.dll
0x00007ffe56b70000 - 0x00007ffe56dfe000 	C:\Windows\WinSxS\amd64_microsoft.windows.common-controls_6595b64144ccf1df_6.0.22621.317_none_a9434687c10c9fa2\COMCTL32.dll
0x00007ffe802c0000 - 0x00007ffe802e9000 	C:\Windows\System32\GDI32.dll
0x00007ffe7f4c0000 - 0x00007ffe7f567000 	C:\Windows\System32\msvcrt.dll
0x00007ffe7ed00000 - 0x00007ffe7ee12000 	C:\Windows\System32\gdi32full.dll
0x00007ffe7ec60000 - 0x00007ffe7ecfa000 	C:\Windows\System32\msvcp_win.dll
0x00007ffe7f650000 - 0x00007ffe7f681000 	C:\Windows\System32\IMM32.DLL
0x00007ffe75110000 - 0x00007ffe7511c000 	c:\Users\ADMIN\.vscode\extensions\redhat.java-1.39.0-win32-x64\jre\21.0.5-win32-x86_64\bin\vcruntime140_1.dll
0x00007ffe6ace0000 - 0x00007ffe6ad6d000 	c:\Users\ADMIN\.vscode\extensions\redhat.java-1.39.0-win32-x64\jre\21.0.5-win32-x86_64\bin\msvcp140.dll
0x00007ffe41010000 - 0x00007ffe41d9f000 	c:\Users\ADMIN\.vscode\extensions\redhat.java-1.39.0-win32-x64\jre\21.0.5-win32-x86_64\bin\server\jvm.dll
0x00007ffe80fc0000 - 0x00007ffe8106e000 	C:\Windows\System32\ADVAPI32.dll
0x00007ffe800c0000 - 0x00007ffe80164000 	C:\Windows\System32\sechost.dll
0x00007ffe810d0000 - 0x00007ffe811e5000 	C:\Windows\System32\RPCRT4.dll
0x00007ffe7f7f0000 - 0x00007ffe7f861000 	C:\Windows\System32\WS2_32.dll
0x00007ffe76810000 - 0x00007ffe7681a000 	C:\Windows\SYSTEM32\VERSION.dll
0x00007ffe7e3e0000 - 0x00007ffe7e42d000 	C:\Windows\SYSTEM32\POWRPROF.dll
0x00007ffe764c0000 - 0x00007ffe764f4000 	C:\Windows\SYSTEM32\WINMM.dll
0x00007ffe7e3c0000 - 0x00007ffe7e3d3000 	C:\Windows\SYSTEM32\UMPDC.dll
0x00007ffe7db30000 - 0x00007ffe7db48000 	C:\Windows\SYSTEM32\kernel.appcore.dll
0x00007ffe6bdb0000 - 0x00007ffe6bdba000 	c:\Users\ADMIN\.vscode\extensions\redhat.java-1.39.0-win32-x64\jre\21.0.5-win32-x86_64\bin\jimage.dll
0x00007ffe74420000 - 0x00007ffe7464e000 	C:\Windows\SYSTEM32\DBGHELP.DLL
0x00007ffe7f970000 - 0x00007ffe7fcf9000 	C:\Windows\System32\combase.dll
0x00007ffe7f570000 - 0x00007ffe7f647000 	C:\Windows\System32\OLEAUT32.dll
0x00007ffe58100000 - 0x00007ffe58132000 	C:\Windows\SYSTEM32\dbgcore.DLL
0x00007ffe7f310000 - 0x00007ffe7f38b000 	C:\Windows\System32\bcryptPrimitives.dll
0x00007ffe6bda0000 - 0x00007ffe6bdaf000 	c:\Users\ADMIN\.vscode\extensions\redhat.java-1.39.0-win32-x64\jre\21.0.5-win32-x86_64\bin\instrument.dll
0x00007ffe6b6c0000 - 0x00007ffe6b6df000 	c:\Users\ADMIN\.vscode\extensions\redhat.java-1.39.0-win32-x64\jre\21.0.5-win32-x86_64\bin\java.dll
0x00007ffe80360000 - 0x00007ffe80b3b000 	C:\Windows\System32\SHELL32.dll
0x00007ffe7cb00000 - 0x00007ffe7d3b5000 	C:\Windows\SYSTEM32\windows.storage.dll
0x00007ffe7c9c0000 - 0x00007ffe7cafd000 	C:\Windows\SYSTEM32\wintypes.dll
0x00007ffe81310000 - 0x00007ffe81401000 	C:\Windows\System32\SHCORE.dll
0x00007ffe81070000 - 0x00007ffe810ce000 	C:\Windows\System32\shlwapi.dll
0x00007ffe7ea20000 - 0x00007ffe7ea41000 	C:\Windows\SYSTEM32\profapi.dll
0x00007ffe6b5b0000 - 0x00007ffe6b5c8000 	c:\Users\ADMIN\.vscode\extensions\redhat.java-1.39.0-win32-x64\jre\21.0.5-win32-x86_64\bin\zip.dll
0x00007ffe6b780000 - 0x00007ffe6b790000 	C:\Users\ADMIN\.vscode\extensions\redhat.java-1.39.0-win32-x64\jre\21.0.5-win32-x86_64\bin\net.dll
0x00007ffe78a00000 - 0x00007ffe78b2f000 	C:\Windows\SYSTEM32\WINHTTP.dll
0x00007ffe7df80000 - 0x00007ffe7dfe9000 	C:\Windows\system32\mswsock.dll
0x00007ffe6a6b0000 - 0x00007ffe6a6c6000 	C:\Users\ADMIN\.vscode\extensions\redhat.java-1.39.0-win32-x64\jre\21.0.5-win32-x86_64\bin\nio.dll
0x00007ffe6b5a0000 - 0x00007ffe6b5b0000 	c:\Users\ADMIN\.vscode\extensions\redhat.java-1.39.0-win32-x64\jre\21.0.5-win32-x86_64\bin\verify.dll
0x00007ffe68100000 - 0x00007ffe68145000 	C:\Users\ADMIN\AppData\Roaming\Code\User\globalStorage\redhat.java\1.39.0\config_win\org.eclipse.equinox.launcher\org.eclipse.equinox.launcher.win32.win32.x86_64_1.2.1100.v20240722-2106\eclipse_11904.dll
0x00007ffe7fd00000 - 0x00007ffe7fe9c000 	C:\Windows\System32\ole32.dll
0x00007ffe7e290000 - 0x00007ffe7e2ab000 	C:\Windows\SYSTEM32\CRYPTSP.dll
0x00007ffe7daa0000 - 0x00007ffe7dad5000 	C:\Windows\system32\rsaenh.dll
0x00007ffe7e020000 - 0x00007ffe7e048000 	C:\Windows\SYSTEM32\USERENV.dll
0x00007ffe7e4a0000 - 0x00007ffe7e4c8000 	C:\Windows\SYSTEM32\bcrypt.dll
0x00007ffe7e270000 - 0x00007ffe7e27c000 	C:\Windows\SYSTEM32\CRYPTBASE.dll
0x00007ffe7d610000 - 0x00007ffe7d63d000 	C:\Windows\SYSTEM32\IPHLPAPI.DLL
0x00007ffe80200000 - 0x00007ffe80209000 	C:\Windows\System32\NSI.dll
0x00007ffe48290000 - 0x00007ffe482d9000 	C:\Users\ADMIN\AppData\Local\Temp\jna-62130991\jna823665394143639312.dll
0x00007ffe7f7e0000 - 0x00007ffe7f7e8000 	C:\Windows\System32\PSAPI.DLL
0x00007ffe788a0000 - 0x00007ffe788b9000 	C:\Windows\SYSTEM32\dhcpcsvc6.DLL
0x00007ffe78830000 - 0x00007ffe7884f000 	C:\Windows\SYSTEM32\dhcpcsvc.DLL

dbghelp: loaded successfully - version: 4.0.5 - missing functions: none
symbol engine: initialized successfully - sym options: 0x614 - pdb path: .;c:\Users\ADMIN\.vscode\extensions\redhat.java-1.39.0-win32-x64\jre\21.0.5-win32-x86_64\bin;C:\Windows\SYSTEM32;C:\Windows\WinSxS\amd64_microsoft.windows.common-controls_6595b64144ccf1df_6.0.22621.317_none_a9434687c10c9fa2;c:\Users\ADMIN\.vscode\extensions\redhat.java-1.39.0-win32-x64\jre\21.0.5-win32-x86_64\bin\server;C:\Users\ADMIN\AppData\Roaming\Code\User\globalStorage\redhat.java\1.39.0\config_win\org.eclipse.equinox.launcher\org.eclipse.equinox.launcher.win32.win32.x86_64_1.2.1100.v20240722-2106;C:\Users\ADMIN\AppData\Local\Temp\jna-62130991

VM Arguments:
jvm_args: --add-modules=ALL-SYSTEM --add-opens=java.base/java.util=ALL-UNNAMED --add-opens=java.base/java.lang=ALL-UNNAMED --add-opens=java.base/sun.nio.fs=ALL-UNNAMED -Declipse.application=org.eclipse.jdt.ls.core.id1 -Dosgi.bundles.defaultStartLevel=4 -Declipse.product=org.eclipse.jdt.ls.core.product -Djava.import.generatesMetadataFilesAtProjectRoot=false -DDetectVMInstallationsJob.disabled=true -Dfile.encoding=utf8 -XX:+UseParallelGC -XX:GCTimeRatio=4 -XX:AdaptiveSizePolicyWeight=90 -Dsun.zip.disableMemoryMapping=true -Xmx1G -Xms100m -Xlog:disable -javaagent:c:\Users\ADMIN\.vscode\extensions\redhat.java-1.39.0-win32-x64\lombok\lombok-1.18.34.jar -XX:+HeapDumpOnOutOfMemoryError -XX:HeapDumpPath=c:\Users\ADMIN\AppData\Roaming\Code\User\workspaceStorage\52d70a14e7d37bcbdfe0aa86e4c23152\redhat.java -Daether.dependencyCollector.impl=bf 
java_command: c:\Users\ADMIN\.vscode\extensions\redhat.java-1.39.0-win32-x64\server\plugins\org.eclipse.equinox.launcher_1.6.900.v20240613-2009.jar -configuration c:\Users\ADMIN\AppData\Roaming\Code\User\globalStorage\redhat.java\1.39.0\config_win -data c:\Users\ADMIN\AppData\Roaming\Code\User\workspaceStorage\52d70a14e7d37bcbdfe0aa86e4c23152\redhat.java\jdt_ws --pipe=\\.\pipe\lsp-b78d211fcdb4aff0644b9f70f6be66bb-sock
java_class_path (initial): c:\Users\ADMIN\.vscode\extensions\redhat.java-1.39.0-win32-x64\server\plugins\org.eclipse.equinox.launcher_1.6.900.v20240613-2009.jar
Launcher Type: SUN_STANDARD

[Global flags]
    uintx AdaptiveSizePolicyWeight                 = 90                                        {product} {command line}
     intx CICompilerCount                          = 4                                         {product} {ergonomic}
    uintx GCTimeRatio                              = 4                                         {product} {command line}
     bool HeapDumpOnOutOfMemoryError               = true                                   {manageable} {command line}
    ccstr HeapDumpPath                             = c:\Users\ADMIN\AppData\Roaming\Code\User\workspaceStorage\52d70a14e7d37bcbdfe0aa86e4c23152\redhat.java         {manageable} {command line}
   size_t InitialHeapSize                          = 104857600                                 {product} {command line}
   size_t MaxHeapSize                              = 1073741824                                {product} {command line}
   size_t MaxNewSize                               = 357564416                                 {product} {ergonomic}
   size_t MinHeapDeltaBytes                        = 524288                                    {product} {ergonomic}
   size_t MinHeapSize                              = 104857600                                 {product} {command line}
   size_t NewSize                                  = 34603008                                  {product} {ergonomic}
    uintx NonNMethodCodeHeapSize                   = 5839372                                {pd product} {ergonomic}
    uintx NonProfiledCodeHeapSize                  = 122909434                              {pd product} {ergonomic}
   size_t OldSize                                  = 70254592                                  {product} {ergonomic}
    uintx ProfiledCodeHeapSize                     = 122909434                              {pd product} {ergonomic}
    uintx ReservedCodeCacheSize                    = 251658240                              {pd product} {ergonomic}
     bool SegmentedCodeCache                       = true                                      {product} {ergonomic}
   size_t SoftMaxHeapSize                          = 1073741824                             {manageable} {ergonomic}
     bool UseCompressedOops                        = true                           {product lp64_product} {ergonomic}
     bool UseLargePagesIndividualAllocation        = false                                  {pd product} {ergonomic}
     bool UseParallelGC                            = true                                      {product} {command line}

Logging:
Log output configuration:
 #0: stdout all=off uptime,level,tags foldmultilines=false
 #1: stderr all=off uptime,level,tags foldmultilines=false

Environment Variables:
JAVA_HOME=C:\Program Files\Java\jdk-21
PATH=C:\Program Files\Common Files\Oracle\Java\javapath;C:\Windows\system32;C:\Windows;C:\Windows\System32\Wbem;C:\Windows\System32\WindowsPowerShell\v1.0\;C:\Windows\System32\OpenSSH\;C:\Program Files\Git\cmd;C:\msys64\ucrt64\bin;C:\Program Files\Java\jdk-19\bin;C:\Users\ADMIN\Downloads\mingw64\mingw64\bin;C:\Program Files\nodejs\;C:\composer;C:\Program Files\Docker\Docker\resources\bin;D:\download\apache-maven-3.9.9-bin\apache-maven-3.9.9\bin;C:\Program Files\Java\jdk-21\bin;C:\Program Files\Microsoft SQL Server\Client SDK\ODBC\170\Tools\Binn\;C:\Program Files (x86)\Microsoft SQL Server\160\Tools\Binn\;C:\Program Files\Microsoft SQL Server\160\Tools\Binn\;C:\Program Files\Microsoft SQL Server\160\DTS\Binn\;C:\Program Files\Microsoft SQL Server\150\Tools\Binn\;C:\Program Files\dotnet\;C:\Program Files (x86)\Microsoft SQL Server\160\DTS\Binn\;C:\Users\ADMIN\AppData\Local\Microsoft\WindowsApps;C:\Users\ADMIN\AppData\Local\Programs\Microsoft VS Code\bin;C:\xampp\php;C:\Users\ADMIN\AppData\Roaming\npm;C:\Users\ADMIN\AppData\Roaming\Composer\vendor\bin;C:\Program Files\JetBrains\IntelliJ IDEA 2023.3.5\bin;;C:\Users\ADMIN\.dotnet\tools
USERNAME=ADMIN
OS=Windows_NT
PROCESSOR_IDENTIFIER=AMD64 Family 23 Model 104 Stepping 1, AuthenticAMD
TMP=C:\Users\ADMIN\AppData\Local\Temp
TEMP=C:\Users\ADMIN\AppData\Local\Temp




Periodic native trim disabled

---------------  S Y S T E M  ---------------

OS:
 Windows 11 , 64 bit Build 22621 (10.0.22621.457)
OS uptime: 9 days 1:16 hours
Hyper-V role detected

CPU: total 12 (initial active 12) (12 cores per cpu, 2 threads per core) family 23 model 104 stepping 1 microcode 0x0, cx8, cmov, fxsr, ht, mmx, 3dnowpref, sse, sse2, sse3, ssse3, sse4a, sse4.1, sse4.2, popcnt, lzcnt, tsc, tscinvbit, avx, avx2, aes, clmul, bmi1, bmi2, adx, sha, fma, vzeroupper, clflush, clflushopt, hv, rdtscp, rdpid, f16c
Processor Information for all 12 processors :
  Max Mhz: 2100, Current Mhz: 2100, Mhz Limit: 2100

Memory: 4k page, system-wide physical 7528M (334M free)
TotalPageFile size 25240M (AvailPageFile size 6M)
current process WorkingSet (physical memory assigned to process): 340M, peak: 341M
current process commit charge ("private bytes"): 361M, peak: 363M

vm_info: OpenJDK 64-Bit Server VM (21.0.5+11-LTS) for windows-amd64 JRE (21.0.5+11-LTS), built on 2024-10-15T00:00:00Z by "admin" with MS VC++ 17.7 (VS2022)

END.
